#
# A fatal error has been detected by the Java Runtime Environment:
#
#  EXCEPTION_ACCESS_VIOLATION (0xc0000005) at pc=0x0000000068eef310, pid=13268, tid=0x0000000000001a84
#
# JRE version: OpenJDK Runtime Environment (Zulu 8.52.0.23-CA-win64) (8.0_282-b08) (build 1.8.0_282-b08)
# Java VM: OpenJDK 64-Bit Server VM (25.282-b08 mixed mode windows-amd64 compressed oops)
# Problematic frame:
# V  [jvm.dll+0x8f310]
#
# Failed to write core dump. Minidumps are not enabled by default on client versions of Windows
#
# If you would like to submit a bug report, please visit:
#   http://www.azulsystems.com/support/
#

---------------  T H R E A D  ---------------

Current thread (0x00000000030c5800):  GCTaskThread [stack: 0x0000000012e20000,0x0000000012f20000] [id=6788]

siginfo: ExceptionCode=0xc0000005, reading address 0x0000000000000008

Registers:
RAX=0x0000000000000000, RBX=0x00000000d5b08340, RCX=0x00000000d5b08340, RDX=0x0000000000000000
RSP=0x0000000012f1f198, RBP=0x0000000012f1f390, RSI=0x0000000017d84480, RDI=0x0000000017d84480
R8 =0x0000000017d84480, R9 =0x000000000000003a, R10=0x00000000d7b083a8, R11=0x0000000012f1f200
R12=0x00000000694e2058, R13=0x00000000030b9700, R14=0x0000000000000000, R15=0x00000000030c5a00
RIP=0x0000000068eef310, EFLAGS=0x0000000000010246

Top of Stack: (sp=0x0000000012f1f198)
0x0000000012f1f198:   000000006928c0f0 00000000d7c3a8f0
0x0000000012f1f1a8:   000000000000000b 0000000017d84480
0x0000000012f1f1b8:   000000006928c47f 0000000000000002
0x0000000012f1f1c8:   0000000068f52a00 0000000017d84480
0x0000000012f1f1d8:   00000000d787eee9 00000000d79b17c0
0x0000000012f1f1e8:   0000000000001000 00000000d7b26c08
0x0000000012f1f1f8:   000000006928c9fb 00000000030c5af0
0x0000000012f1f208:   0000000000000000 00000000030b9700
0x0000000012f1f218:   00000000694e2058 0000000017d84480
0x0000000012f1f228:   000000006928c610 00000000d79b3e98
0x0000000012f1f238:   0000000012f1f390 0000000017d84480
0x0000000012f1f248:   000000006928f9d2 00000000d79b3e98
0x0000000012f1f258:   000000006928d1f1 00000000d7d34580
0x0000000012f1f268:   0000000012f1f390 0000000017d84480
0x0000000012f1f278:   000000006928f995 0000000100000028
0x0000000012f1f288:   0000000000000000 0000000012f1f360 

Instructions: (pc=0x0000000068eef310)
0x0000000068eef2f0:   48 2b 05 c9 43 74 00 8b 0d cb 43 74 00 48 d3 e8
0x0000000068eef300:   89 42 08 c3 48 89 42 08 c3 cc cc cc cc cc cc cc
0x0000000068eef310:   44 8b 42 08 4c 8b ca 45 85 c0 7e 0e 41 f6 c0 01
0x0000000068eef320:   75 57 41 c1 f8 03 41 8b c0 c3 79 4d 80 3d fe 5e 


Register to memory mapping:

RAX=0x0000000000000000 is an unknown value
RBX=0x00000000d5b08340 is an unknown value
RCX=0x00000000d5b08340 is an unknown value
RDX=0x0000000000000000 is an unknown value
RSP=0x0000000012f1f198 is an unknown value
RBP=0x0000000012f1f390 is an unknown value
RSI=0x0000000017d84480 is an unknown value
RDI=0x0000000017d84480 is an unknown value
R8 =0x0000000017d84480 is an unknown value
R9 =0x000000000000003a is an unknown value
R10=0x00000000d7b083a8 is an oop
[Ljava.lang.Class; 
 - klass: 'java/lang/Class'[]
 - length: 0
R11=0x0000000012f1f200 is an unknown value
R12=0x00000000694e2058 is an unknown value
R13=0x00000000030b9700 is an unknown value
R14=0x0000000000000000 is an unknown value
R15=0x00000000030c5a00 is an unknown value


Stack: [0x0000000012e20000,0x0000000012f20000],  sp=0x0000000012f1f198,  free space=1020k
Native frames: (J=compiled Java code, j=interpreted, Vv=VM code, C=native code)
V  [jvm.dll+0x8f310]


---------------  P R O C E S S  ---------------

Java Threads: ( => current thread )
  0x00000000195ae000 JavaThread "Service Thread" daemon [_thread_blocked, id=10208, stack(0x000000001a320000,0x000000001a420000)]
  0x0000000019585000 JavaThread "C1 CompilerThread2" daemon [_thread_blocked, id=6416, stack(0x000000001a220000,0x000000001a320000)]
  0x0000000019583000 JavaThread "C2 CompilerThread1" daemon [_thread_blocked, id=13472, stack(0x000000001a120000,0x000000001a220000)]
  0x000000001957f000 JavaThread "C2 CompilerThread0" daemon [_thread_blocked, id=7932, stack(0x000000001a020000,0x000000001a120000)]
  0x00000000195c9800 JavaThread "Attach Listener" daemon [_thread_blocked, id=9608, stack(0x0000000019f20000,0x000000001a020000)]
  0x0000000019579000 JavaThread "Signal Dispatcher" daemon [_thread_blocked, id=4092, stack(0x0000000019e20000,0x0000000019f20000)]
  0x0000000017db2000 JavaThread "Finalizer" daemon [_thread_blocked, id=7536, stack(0x0000000019020000,0x0000000019120000)]
  0x0000000017dab000 JavaThread "Reference Handler" daemon [_thread_blocked, id=15280, stack(0x0000000018f20000,0x0000000019020000)]
  0x00000000030ac000 JavaThread "main" [_thread_blocked, id=3464, stack(0x0000000002fa0000,0x00000000030a0000)]

Other Threads:
  0x0000000017d86800 VMThread [stack: 0x0000000018e20000,0x0000000018f20000] [id=9148]
  0x0000000019681000 WatcherThread [stack: 0x000000001a420000,0x000000001a520000] [id=7708]

=>0x00000000030c5800 (exited) GCTaskThread [stack: 0x0000000012e20000,0x0000000012f20000] [id=6788]

VM state:at safepoint (normal execution)

VM Mutex/Monitor currently owned by a thread:  ([mutex/lock_event])
[0x00000000030a8c50] Threads_lock - owner thread: 0x0000000017d86800
[0x00000000030a9450] Heap_lock - owner thread: 0x00000000030ac000

heap address: 0x0000000080000000, size: 2048 MB, Compressed Oops mode: 32-bit
Narrow klass base: 0x0000000000000000, Narrow klass shift: 3
Compressed class space size: 1073741824 Address: 0x0000000100000000

Heap:
 PSYoungGen      total 38400K, used 37967K [0x00000000d5580000, 0x00000000d8000000, 0x0000000100000000)
  eden space 33280K, 100% used [0x00000000d5580000,0x00000000d7600000,0x00000000d7600000)
  from space 5120K, 91% used [0x00000000d7b00000,0x00000000d7f93c78,0x00000000d8000000)
  to   space 5120K, 76% used [0x00000000d7600000,0x00000000d79d97c0,0x00000000d7b00000)
 ParOldGen       total 87552K, used 24K [0x0000000080000000, 0x0000000085580000, 0x00000000d5580000)
  object space 87552K, 0% used [0x0000000080000000,0x0000000080006000,0x0000000085580000)
 Metaspace       used 10422K, capacity 10582K, committed 10752K, reserved 1058816K
  class space    used 1152K, capacity 1209K, committed 1280K, reserved 1048576K

Card table byte_map: [0x0000000012560000,0x0000000012970000] byte_map_base: 0x0000000012160000

Marking Bits: (ParMarkBitMap*) 0x00000000696a1f00
 Begin Bits: [0x0000000013020000, 0x0000000015020000)
 End Bits:   [0x0000000015020000, 0x0000000017020000)

Polling page: 0x00000000011f0000

CodeCache: size=245760Kb used=3808Kb max_used=3811Kb free=241951Kb
 bounds [0x00000000031a0000, 0x0000000003560000, 0x00000000121a0000]
 total_blobs=1189 nmethods=910 adapters=192
 compilation: enabled

Compilation events (10 events):
Event: 1.201 Thread 0x0000000019583000  909       4       java.util.HashMap::get (23 bytes)
Event: 1.203 Thread 0x0000000019583000 nmethod 909 0x00000000035571d0 code [0x0000000003557320, 0x00000000035575d8]
Event: 1.203 Thread 0x0000000019585000  910       3       org.codehaus.groovy.ast.ClassHelper::make (58 bytes)
Event: 1.204 Thread 0x0000000019585000 nmethod 910 0x0000000003556890 code [0x0000000003556a60, 0x0000000003556fa8]
Event: 1.205 Thread 0x0000000019585000  911       1       org.codehaus.groovy.ast.ClassNode::getGenericsTypes (5 bytes)
Event: 1.205 Thread 0x0000000019585000 nmethod 911 0x00000000035565d0 code [0x0000000003556720, 0x0000000003556830]
Event: 1.205 Thread 0x0000000019585000  912       3       org.codehaus.groovy.control.ResolveVisitor::resolveFromCompileUnit (41 bytes)
Event: 1.206 Thread 0x0000000019585000 nmethod 912 0x000000000355c1d0 code [0x000000000355c3a0, 0x000000000355cc28]
Event: 1.206 Thread 0x0000000019585000  913       3       org.codehaus.groovy.ast.CompileUnit::getClass (34 bytes)
Event: 1.206 Thread 0x0000000019585000 nmethod 913 0x000000000355b9d0 code [0x000000000355bb60, 0x000000000355c078]

GC Heap History (5 events):
Event: 0.627 GC heap before
{Heap before GC invocations=1 (full 0):
 PSYoungGen      total 38400K, used 33280K [0x00000000d5580000, 0x00000000d8000000, 0x0000000100000000)
  eden space 33280K, 100% used [0x00000000d5580000,0x00000000d7600000,0x00000000d7600000)
  from space 5120K, 0% used [0x00000000d7b00000,0x00000000d7b00000,0x00000000d8000000)
  to   space 5120K, 0% used [0x00000000d7600000,0x00000000d7600000,0x00000000d7b00000)
 ParOldGen       total 87552K, used 0K [0x0000000080000000, 0x0000000085580000, 0x00000000d5580000)
  object space 87552K, 0% used [0x0000000080000000,0x0000000080000000,0x0000000085580000)
 Metaspace       used 4765K, capacity 5376K, committed 5504K, reserved 1056768K
  class space    used 520K, capacity 568K, committed 640K, reserved 1048576K
Event: 0.631 GC heap after
Heap after GC invocations=1 (full 0):
 PSYoungGen      total 38400K, used 4156K [0x00000000d5580000, 0x00000000d8000000, 0x0000000100000000)
  eden space 33280K, 0% used [0x00000000d5580000,0x00000000d5580000,0x00000000d7600000)
  from space 5120K, 81% used [0x00000000d7600000,0x00000000d7a0f320,0x00000000d7b00000)
  to   space 5120K, 0% used [0x00000000d7b00000,0x00000000d7b00000,0x00000000d8000000)
 ParOldGen       total 87552K, used 8K [0x0000000080000000, 0x0000000085580000, 0x00000000d5580000)
  object space 87552K, 0% used [0x0000000080000000,0x0000000080002000,0x0000000085580000)
 Metaspace       used 4765K, capacity 5376K, committed 5504K, reserved 1056768K
  class space    used 520K, capacity 568K, committed 640K, reserved 1048576K
}
Event: 0.986 GC heap before
{Heap before GC invocations=2 (full 0):
 PSYoungGen      total 38400K, used 37436K [0x00000000d5580000, 0x00000000d8000000, 0x0000000100000000)
  eden space 33280K, 100% used [0x00000000d5580000,0x00000000d7600000,0x00000000d7600000)
  from space 5120K, 81% used [0x00000000d7600000,0x00000000d7a0f320,0x00000000d7b00000)
  to   space 5120K, 0% used [0x00000000d7b00000,0x00000000d7b00000,0x00000000d8000000)
 ParOldGen       total 87552K, used 8K [0x0000000080000000, 0x0000000085580000, 0x00000000d5580000)
  object space 87552K, 0% used [0x0000000080000000,0x0000000080002000,0x0000000085580000)
 Metaspace       used 8775K, capacity 8944K, committed 9088K, reserved 1056768K
  class space    used 977K, capacity 1048K, committed 1152K, reserved 1048576K
Event: 0.990 GC heap after
Heap after GC invocations=2 (full 0):
 PSYoungGen      total 38400K, used 4687K [0x00000000d5580000, 0x00000000d8000000, 0x0000000100000000)
  eden space 33280K, 0% used [0x00000000d5580000,0x00000000d5580000,0x00000000d7600000)
  from space 5120K, 91% used [0x00000000d7b00000,0x00000000d7f93c78,0x00000000d8000000)
  to   space 5120K, 0% used [0x00000000d7600000,0x00000000d7600000,0x00000000d7b00000)
 ParOldGen       total 87552K, used 16K [0x0000000080000000, 0x0000000085580000, 0x00000000d5580000)
  object space 87552K, 0% used [0x0000000080000000,0x0000000080004000,0x0000000085580000)
 Metaspace       used 8775K, capacity 8944K, committed 9088K, reserved 1056768K
  class space    used 977K, capacity 1048K, committed 1152K, reserved 1048576K
}
Event: 1.210 GC heap before
{Heap before GC invocations=3 (full 0):
 PSYoungGen      total 38400K, used 37967K [0x00000000d5580000, 0x00000000d8000000, 0x0000000100000000)
  eden space 33280K, 100% used [0x00000000d5580000,0x00000000d7600000,0x00000000d7600000)
  from space 5120K, 91% used [0x00000000d7b00000,0x00000000d7f93c78,0x00000000d8000000)
  to   space 5120K, 0% used [0x00000000d7600000,0x00000000d7600000,0x00000000d7b00000)
 ParOldGen       total 87552K, used 16K [0x0000000080000000, 0x0000000085580000, 0x00000000d5580000)
  object space 87552K, 0% used [0x0000000080000000,0x0000000080004000,0x0000000085580000)
 Metaspace       used 10422K, capacity 10582K, committed 10752K, reserved 1058816K
  class space    used 1152K, capacity 1209K, committed 1280K, reserved 1048576K

Deoptimization events (10 events):
Event: 0.751 Thread 0x00000000030ac000 Uncommon trap: reason=predicate action=maybe_recompile pc=0x00000000033ba374 method=sun.net.www.ParseUtil.encodePath(Ljava/lang/String;Z)Ljava/lang/String; @ 36
Event: 1.039 Thread 0x00000000030ac000 Uncommon trap: reason=bimorphic action=maybe_recompile pc=0x000000000343f178 method=java.util.HashMap.getNode(ILjava/lang/Object;)Ljava/util/HashMap$Node; @ 126
Event: 1.039 Thread 0x00000000030ac000 Uncommon trap: reason=unstable_if action=reinterpret pc=0x000000000343f0d0 method=java.util.HashMap.getNode(ILjava/lang/Object;)Ljava/util/HashMap$Node; @ 62
Event: 1.039 Thread 0x00000000030ac000 Uncommon trap: reason=bimorphic action=maybe_recompile pc=0x000000000341b7d4 method=java.util.HashMap.getNode(ILjava/lang/Object;)Ljava/util/HashMap$Node; @ 126
Event: 1.039 Thread 0x00000000030ac000 Uncommon trap: reason=unstable_if action=reinterpret pc=0x000000000341b73c method=java.util.HashMap.getNode(ILjava/lang/Object;)Ljava/util/HashMap$Node; @ 62
Event: 1.136 Thread 0x00000000030ac000 Uncommon trap: reason=unstable_if action=reinterpret pc=0x00000000032d5afc method=java.net.URI.match(CJJ)Z @ 45
Event: 1.149 Thread 0x00000000030ac000 Uncommon trap: reason=unstable_if action=reinterpret pc=0x000000000350d388 method=java.lang.String.lastIndexOf([CII[CIII)I @ 66
Event: 1.149 Thread 0x00000000030ac000 Uncommon trap: reason=unstable_if action=reinterpret pc=0x00000000035383a4 method=java.lang.String.lastIndexOf([CII[CIII)I @ 66
Event: 1.149 Thread 0x00000000030ac000 Uncommon trap: reason=unstable_if action=reinterpret pc=0x000000000341d7f4 method=java.lang.String.lastIndexOf([CII[CIII)I @ 66
Event: 1.160 Thread 0x00000000030ac000 Uncommon trap: reason=unstable_if action=reinterpret pc=0x00000000034f5488 method=sun.misc.URLClassPath$FileLoader.getResource(Ljava/lang/String;Z)Lsun/misc/Resource; @ 139

Classes redefined (0 events):
No events

Internal exceptions (10 events):
Event: 1.193 Thread 0x00000000030ac000 Exception <a 'java/security/PrivilegedActionException'> (0x00000000d71ca720) thrown at [C:\jenkins\workspace\zulu8-silver-build-win64\zulu-src\hotspot\src\share\vm\prims\jvm.cpp, line 1529]
Event: 1.193 Thread 0x00000000030ac000 Exception <a 'java/security/PrivilegedActionException'> (0x00000000d71cab18) thrown at [C:\jenkins\workspace\zulu8-silver-build-win64\zulu-src\hotspot\src\share\vm\prims\jvm.cpp, line 1529]
Event: 1.201 Thread 0x00000000030ac000 Exception <a 'java/security/PrivilegedActionException'> (0x00000000d73c9080) thrown at [C:\jenkins\workspace\zulu8-silver-build-win64\zulu-src\hotspot\src\share\vm\prims\jvm.cpp, line 1529]
Event: 1.201 Thread 0x00000000030ac000 Exception <a 'java/security/PrivilegedActionException'> (0x00000000d73c9478) thrown at [C:\jenkins\workspace\zulu8-silver-build-win64\zulu-src\hotspot\src\share\vm\prims\jvm.cpp, line 1529]
Event: 1.201 Thread 0x00000000030ac000 Exception <a 'java/security/PrivilegedActionException'> (0x00000000d73d9048) thrown at [C:\jenkins\workspace\zulu8-silver-build-win64\zulu-src\hotspot\src\share\vm\prims\jvm.cpp, line 1529]
Event: 1.201 Thread 0x00000000030ac000 Exception <a 'java/security/PrivilegedActionException'> (0x00000000d73d9440) thrown at [C:\jenkins\workspace\zulu8-silver-build-win64\zulu-src\hotspot\src\share\vm\prims\jvm.cpp, line 1529]
Event: 1.209 Thread 0x00000000030ac000 Exception <a 'java/security/PrivilegedActionException'> (0x00000000d75c19b8) thrown at [C:\jenkins\workspace\zulu8-silver-build-win64\zulu-src\hotspot\src\share\vm\prims\jvm.cpp, line 1529]
Event: 1.209 Thread 0x00000000030ac000 Exception <a 'java/security/PrivilegedActionException'> (0x00000000d75c1db0) thrown at [C:\jenkins\workspace\zulu8-silver-build-win64\zulu-src\hotspot\src\share\vm\prims\jvm.cpp, line 1529]
Event: 1.210 Thread 0x00000000030ac000 Exception <a 'java/security/PrivilegedActionException'> (0x00000000d75d1990) thrown at [C:\jenkins\workspace\zulu8-silver-build-win64\zulu-src\hotspot\src\share\vm\prims\jvm.cpp, line 1529]
Event: 1.210 Thread 0x00000000030ac000 Exception <a 'java/security/PrivilegedActionException'> (0x00000000d75d1d88) thrown at [C:\jenkins\workspace\zulu8-silver-build-win64\zulu-src\hotspot\src\share\vm\prims\jvm.cpp, line 1529]

Events (10 events):
Event: 1.208 loading class groovy/lang/com$kms$katalon$core$logging$KeywordLogger done
Event: 1.208 loading class groovy/util/com$kms$katalon$core$logging$KeywordLogger
Event: 1.208 loading class groovy/util/com$kms$katalon$core$logging$KeywordLogger done
Event: 1.209 loading class com$kms$katalon$core$logging$KeywordLogger
Event: 1.209 loading class com$kms$katalon$core$logging$KeywordLogger done
Event: 1.209 loading class com/kms$katalon$core$logging$KeywordLogger
Event: 1.209 loading class com/kms$katalon$core$logging$KeywordLogger done
Event: 1.210 loading class com/kms/katalon$core$logging$KeywordLogger
Event: 1.210 loading class com/kms/katalon$core$logging$KeywordLogger done
Event: 1.210 Executing VM operation: ParallelGCFailedAllocation


Dynamic libraries:
0x00007ff756910000 - 0x00007ff756945000 	C:\Katalon_Studio_Windows_64-8.0.5\jre\bin\javaw.exe
0x00007ffeef190000 - 0x00007ffeef385000 	C:\Windows\SYSTEM32\ntdll.dll
0x00007ffeed290000 - 0x00007ffeed34d000 	C:\Windows\System32\KERNEL32.DLL
0x00007ffeecc80000 - 0x00007ffeecf49000 	C:\Windows\System32\KERNELBASE.dll
0x00007ffeed350000 - 0x00007ffeed3fc000 	C:\Windows\System32\ADVAPI32.dll
0x00007ffeee550000 - 0x00007ffeee5ee000 	C:\Windows\System32\msvcrt.dll
0x00007ffeed6b0000 - 0x00007ffeed74b000 	C:\Windows\System32\sechost.dll
0x00007ffeef020000 - 0x00007ffeef14a000 	C:\Windows\System32\RPCRT4.dll
0x00007ffeeee20000 - 0x00007ffeeefc0000 	C:\Windows\System32\USER32.dll
0x00007ffeec8d0000 - 0x00007ffeec8f2000 	C:\Windows\System32\win32u.dll
0x00007ffeed4d0000 - 0x00007ffeed4fa000 	C:\Windows\System32\GDI32.dll
0x00007ffeecff0000 - 0x00007ffeed0fb000 	C:\Windows\System32\gdi32full.dll
0x00007ffeecf50000 - 0x00007ffeecfed000 	C:\Windows\System32\msvcp_win.dll
0x00007ffeed100000 - 0x00007ffeed200000 	C:\Windows\System32\ucrtbase.dll
0x00007ffede650000 - 0x00007ffede8ea000 	C:\Windows\WinSxS\amd64_microsoft.windows.common-controls_6595b64144ccf1df_6.0.19041.1083_none_60bbe31371f34e71\COMCTL32.dll
0x00007ffeed400000 - 0x00007ffeed430000 	C:\Windows\System32\IMM32.DLL
0x0000000069a90000 - 0x0000000069b62000 	C:\Katalon_Studio_Windows_64-8.0.5\jre\bin\msvcr100.dll
0x0000000068e60000 - 0x0000000069725000 	C:\Katalon_Studio_Windows_64-8.0.5\jre\bin\server\jvm.dll
0x00007ffeed6a0000 - 0x00007ffeed6a8000 	C:\Windows\System32\PSAPI.DLL
0x00007ffee17c0000 - 0x00007ffee17c9000 	C:\Windows\SYSTEM32\WSOCK32.dll
0x00007ffeed750000 - 0x00007ffeed7bb000 	C:\Windows\System32\WS2_32.dll
0x00007ffee7e50000 - 0x00007ffee7e5a000 	C:\Windows\SYSTEM32\VERSION.dll
0x00007ffedd9a0000 - 0x00007ffedd9c7000 	C:\Windows\SYSTEM32\WINMM.dll
0x00007ffee7940000 - 0x00007ffee794f000 	C:\Katalon_Studio_Windows_64-8.0.5\jre\bin\verify.dll
0x00007ffec71c0000 - 0x00007ffec71e9000 	C:\Katalon_Studio_Windows_64-8.0.5\jre\bin\java.dll
0x00007ffeccd50000 - 0x00007ffeccd66000 	C:\Katalon_Studio_Windows_64-8.0.5\jre\bin\zip.dll
0x00007ffeed870000 - 0x00007ffeedfaf000 	C:\Windows\System32\SHELL32.dll
0x00007ffeeaa20000 - 0x00007ffeeb1b1000 	C:\Windows\SYSTEM32\windows.storage.dll
0x00007ffeeeac0000 - 0x00007ffeeee15000 	C:\Windows\System32\combase.dll
0x00007ffeec270000 - 0x00007ffeec29c000 	C:\Windows\SYSTEM32\Wldp.dll
0x00007ffeed7c0000 - 0x00007ffeed86e000 	C:\Windows\System32\SHCORE.dll
0x00007ffeee5f0000 - 0x00007ffeee645000 	C:\Windows\System32\shlwapi.dll
0x00007ffeec810000 - 0x00007ffeec82f000 	C:\Windows\SYSTEM32\profapi.dll
0x00007ffee6940000 - 0x00007ffee6b24000 	C:\Windows\SYSTEM32\dbghelp.dll
0x00007ffeeca90000 - 0x00007ffeecb13000 	C:\Windows\System32\bcryptPrimitives.dll

VM Arguments:
jvm_args: -Dgroovy.home=C:\Users\sghosh33/.groovy -Djava.system.class.loader=groovy.lang.GroovyClassLoader -Xmx2048m -Dfile.encoding=UTF-8 
java_command: org.codehaus.groovy.tools.GroovyStarter --classpath C:\Automation\Katalon\Bonafide\bin\keyword;C:\Automation\Katalon\Bonafide\Keywords;C:\Automation\Katalon\Bonafide\bin\listener;C:\Automation\Katalon\Bonafide\Test Listeners;C:\Automation\Katalon\Bonafide\bin\lib;C:\Automation\Katalon\Bonafide\Libs;C:\Automation\Katalon\Bonafide\bin\groovy;C:\Automation\Katalon\Bonafide\Include\scripts\groovy;C:\Katalon_Studio_Windows_64-8.0.5\plugins\com.kms.katalon.core_1.0.0.202106150524.jar;C:\Katalon_Studio_Windows_64-8.0.5\configuration\resources\lib\aalto-xml-1.0.0.jar;C:\Katalon_Studio_Windows_64-8.0.5\configuration\resources\lib\aspectjweaver-1.9.1.jar;C:\Katalon_Studio_Windows_64-8.0.5\configuration\resources\lib\bcpkix-jdk15on-1.64.jar;C:\Katalon_Studio_Windows_64-8.0.5\configuration\resources\lib\bcprov-jdk15on-1.64.jar;C:\Katalon_Studio_Windows_64-8.0.5\configuration\resources\lib\browsermob-core-2.1.5.jar;C:\Katalon_Studio_Windows_64-8.0.5\configuration\resources\lib\cglib-3.2.10.jar;C:\Katalon_Studio_Windows_64-8.0.5\configuration\resources\lib\commons-codec-1.10.jar;C:\Katalon_Studio_Windows_64-8.0.5\configuration\resources\lib\commons-collections4-4.1.jar;C:\Katalon_Studio_Windows_64-8.0.5\configuration\resources\lib\commons-validator-1.6.jar;C:\Katalon_Studio_Windows_64-8.0.5\configuration\resources\lib\curvesapi-1.04.jar;C:\Katalon_Studio_Windows_64-8.0.5\configuration\resources\lib\dnsjava-2.1.8.jar;C:\Katalon_Studio_Windows_64-8.0.5\configuration\resources\lib\java-client-7.0.0.jar;C:\Katalon_Studio_Windows_64-8.0.5\configuration\resources\lib\jna-4.1.0.jar;C:\Katalon_Studio_Windows_64-8.0.5\configuration\resources\lib\jna-platform-4.1.0.jar;C:\Katalon_Studio_Windows_64-8.0.5\configuration\resources\lib\jzlib-1.1.3.jar;C:\Katalon_Studio_Windows_64-8.0.5\configuration\resources\lib\kat-server.jar;C:\Katalon_Studio_Windows_64-8.0.5\configuration\resources\lib\littleproxy-1.1.0-beta-bmp-17.jar;C:\Katalon_Studio_Windows_64-8.0.5\configuration\resourc
java_class_path (initial): C:\Automation\Katalon\Bonafide\bin\keyword;C:\Automation\Katalon\Bonafide\bin\listener;C:\Automation\Katalon\Bonafide\bin\lib;C:\Automation\Katalon\Bonafide\bin\groovy;C:\Automation\Katalon\Bonafide\bin;C:\Katalon_Studio_Windows_64-8.0.5\plugins\com.kms.katalon.core_1.0.0.202106150524.jar;C:\Katalon_Studio_Windows_64-8.0.5\configuration\resources\lib\aalto-xml-1.0.0.jar;C:\Katalon_Studio_Windows_64-8.0.5\configuration\resources\lib\aspectjweaver-1.9.1.jar;C:\Katalon_Studio_Windows_64-8.0.5\configuration\resources\lib\bcpkix-jdk15on-1.64.jar;C:\Katalon_Studio_Windows_64-8.0.5\configuration\resources\lib\bcprov-jdk15on-1.64.jar;C:\Katalon_Studio_Windows_64-8.0.5\configuration\resources\lib\browsermob-core-2.1.5.jar;C:\Katalon_Studio_Windows_64-8.0.5\configuration\resources\lib\cglib-3.2.10.jar;C:\Katalon_Studio_Windows_64-8.0.5\configuration\resources\lib\commons-codec-1.10.jar;C:\Katalon_Studio_Windows_64-8.0.5\configuration\resources\lib\commons-collections4-4.1.jar;C:\Katalon_Studio_Windows_64-8.0.5\configuration\resources\lib\commons-validator-1.6.jar;C:\Katalon_Studio_Windows_64-8.0.5\configuration\resources\lib\curvesapi-1.04.jar;C:\Katalon_Studio_Windows_64-8.0.5\configuration\resources\lib\dnsjava-2.1.8.jar;C:\Katalon_Studio_Windows_64-8.0.5\configuration\resources\lib\java-client-7.0.0.jar;C:\Katalon_Studio_Windows_64-8.0.5\configuration\resources\lib\jna-4.1.0.jar;C:\Katalon_Studio_Windows_64-8.0.5\configuration\resources\lib\jna-platform-4.1.0.jar;C:\Katalon_Studio_Windows_64-8.0.5\configuration\resources\lib\jzlib-1.1.3.jar;C:\Katalon_Studio_Windows_64-8.0.5\configuration\resources\lib\kat-server.jar;C:\Katalon_Studio_Windows_64-8.0.5\configuration\resources\lib\littleproxy-1.1.0-beta-bmp-17.jar;C:\Katalon_Studio_Windows_64-8.0.5\configuration\resources\lib\mitm-2.1.5.jar;C:\Katalon_Studio_Windows_64-8.0.5\configuration\resources\lib\netty-all-4.1.52.Final.jar;C:\Katalon_Studio_Windows_64-8.0.5\configuration\resources\lib\poi-3
Launcher Type: SUN_STANDARD

Environment Variables:
PATH=C:/Katalon_Studio_Windows_64-8.0.5/jre/bin/server;C:/Katalon_Studio_Windows_64-8.0.5/jre/bin;C:/Katalon_Studio_Windows_64-8.0.5/jre/lib/amd64;C:\Program Files (x86)\Common Files\Oracle\Java\javapath;C:\Windows\system32;C:\Windows;C:\Windows\System32\Wbem;C:\Windows\System32\WindowsPowerShell\v1.0\;C:\Windows\System32\OpenSSH\;C:\Users\sghosh33\AppData\Local\Microsoft\WindowsApps;C:\Users\sghosh33\AppData\Local\Programs\Git\cmd;C:\Katalon_Studio_Windows_64-8.0.5;
USERNAME=sghosh33
OS=Windows_NT
PROCESSOR_IDENTIFIER=Intel64 Family 6 Model 158 Stepping 10, GenuineIntel



---------------  S Y S T E M  ---------------

OS: Windows 10.0 , 64 bit Build 19041 (10.0.19041.1023)

CPU:total 4 (initial active 4) (2 cores per cpu, 2 threads per core) family 6 model 158 stepping 10, cmov, cx8, fxsr, mmx, sse, sse2, sse3, ssse3, sse4.1, sse4.2, popcnt, aes, clmul, erms, 3dnowpref, lzcnt, ht, tsc, tscinvbit

Memory: 4k page, physical 8257880k(1653828k free), swap 9640748k(1526128k free)

vm_info: OpenJDK 64-Bit Server VM (25.282-b08) for windows-amd64 JRE (Zulu 8.52.0.23-CA-win64) (1.8.0_282-b08), built on Jan 12 2021 07:45:49 by "tester" with MS VC++ 10.0 (VS2010)

time: Mon Jul 12 12:49:24 2021
timezone: Eastern Daylight Time
elapsed time: 1.237169 seconds (0d 0h 0m 1s)

